Deployment audit log, version 4b03c5e90cbcd5fbe314693d3533239321c71fb5
Run at 2020-03-04 11:15:28 -0600, reporting from 2020-03-03 17:15:27 UTC to 2020-03-04 17:14:27 UTC
Log output records all report output, but not commit and uploading debug data.
For full log data, visit http://heaven.localhost/report_outputs/27
----------LOG BEGINS HERE----------
routine="Building Deployment Audit Report" from_timestamp="2020-03-03T17:15:27Z" to_timestamp="2020-03-04T17:14:27Z" ns=local_repository fn=fetch path=/Users/rufo/github/heaven/tmp/repositories/deployment_audit_report time="2020-03-04 17:15:27 UTC" command="git init --quiet" at=run
routine="Building Deployment Audit Report" from_timestamp="2020-03-03T17:15:27Z" to_timestamp="2020-03-04T17:14:27Z" ns=local_repository fn=fetch path=/Users/rufo/github/heaven/tmp/repositories/deployment_audit_report time="2020-03-04 17:15:27 UTC" command="git init --quiet" at=exit status=0
routine="Building Deployment Audit Report" from_timestamp="2020-03-03T17:15:27Z" to_timestamp="2020-03-04T17:14:27Z" ns=local_repository fn=fetch path=/Users/rufo/github/heaven/tmp/repositories/deployment_audit_report time="2020-03-04 17:15:27 UTC" command="git config --local gc.auto 0" at=run
routine="Building Deployment Audit Report" from_timestamp="2020-03-03T17:15:27Z" to_timestamp="2020-03-04T17:14:27Z" ns=local_repository fn=fetch path=/Users/rufo/github/heaven/tmp/repositories/deployment_audit_report time="2020-03-04 17:15:27 UTC" command="git config --local gc.auto 0" at=exit status=0
routine="Building Deployment Audit Report" from_timestamp="2020-03-03T17:15:27Z" to_timestamp="2020-03-04T17:14:27Z" ns=local_repository fn=fetch path=/Users/rufo/github/heaven/tmp/repositories/deployment_audit_report time="2020-03-04 17:15:27 UTC" command="git config --local gc.autopacklimit 0" at=run
routine="Building Deployment Audit Report" from_timestamp="2020-03-03T17:15:27Z" to_timestamp="2020-03-04T17:14:27Z" ns=local_repository fn=fetch path=/Users/rufo/github/heaven/tmp/repositories/deployment_audit_report time="2020-03-04 17:15:27 UTC" command="git config --local gc.autopacklimit 0" at=exit status=0
routine="Building Deployment Audit Report" from_timestamp="2020-03-03T17:15:27Z" to_timestamp="2020-03-04T17:14:27Z" ns=local_repository fn=fetch path=/Users/rufo/github/heaven/tmp/repositories/deployment_audit_report time="2020-03-04 17:15:27 UTC" command="git fetch --prune https://github.com/gwincr11/test-report \\+refs/heads/master:refs/remotes/origin/master" at=run
routine="Building Deployment Audit Report" from_timestamp="2020-03-03T17:15:27Z" to_timestamp="2020-03-04T17:14:27Z" ns=local_repository fn=fetch path=/Users/rufo/github/heaven/tmp/repositories/deployment_audit_report time="2020-03-04 17:15:27 UTC" command="git fetch --prune https://github.com/gwincr11/test-report \\+refs/heads/master:refs/remotes/origin/master" at=exit status=0
routine="Building Deployment Audit Report" from_timestamp="2020-03-03T17:15:27Z" to_timestamp="2020-03-04T17:14:27Z" ns=local_repository fn=checkout path=/Users/rufo/github/heaven/tmp/repositories/deployment_audit_report time="2020-03-04 17:15:27 UTC" command="git --work-tree /Users/rufo/github/heaven/tmp/repositories/deployment_audit_report/audit checkout --force origin/master" at=run
routine="Building Deployment Audit Report" from_timestamp="2020-03-03T17:15:27Z" to_timestamp="2020-03-04T17:14:27Z" ns=local_repository fn=checkout path=/Users/rufo/github/heaven/tmp/repositories/deployment_audit_report time="2020-03-04 17:15:27 UTC" command="git --work-tree /Users/rufo/github/heaven/tmp/repositories/deployment_audit_report/audit checkout --force origin/master" at=exit status=0
routine="Building Deployment Audit Report" from_timestamp="2020-03-03T17:15:27Z" to_timestamp="2020-03-04T17:14:27Z" ns=local_repository fn=checkout path=/Users/rufo/github/heaven/tmp/repositories/deployment_audit_report time="2020-03-04 17:15:27 UTC" command="git --work-tree /Users/rufo/github/heaven/tmp/repositories/deployment_audit_report/audit checkout --force origin/master" at=output out="HEAD is now at 153d53b Initial commit
"
routine="Building Deployment Audit Report" from_timestamp="2020-03-03T17:15:27Z" to_timestamp="2020-03-04T17:14:27Z" ns=deployment_audit_report fn=generate_csv from="2020-03-03T17:15:27Z" to="2020-03-04T17:14:27Z" command=deployments
routine="Building Deployment Audit Report" from_timestamp="2020-03-03T17:15:27Z" to_timestamp="2020-03-04T17:14:27Z" ns=deployment_audit_report fn=generate_csv from="2020-03-03T17:15:27Z" to="2020-03-04T17:14:27Z" command=generate_csv file_path=/Users/rufo/github/heaven/tmp/repositories/deployment_audit_report/audit/03-03-2020-03-04-2020-audit.csv
routine="Building Deployment Audit Report" from_timestamp="2020-03-03T17:15:27Z" to_timestamp="2020-03-04T17:14:27Z" ns=deployment_audit_report fn=generate_csv from="2020-03-03T17:15:27Z" to="2020-03-04T17:14:27Z" command=deployments
