Deployment audit log, version 9dcaadd43782828e8620e96f926ed5e45095c225
Run at 2020-03-03 16:56:04 -0600, reporting from 2020-03-02 22:56:04 UTC to 2020-03-03 22:55:04 UTC
Log output records all report output, but not commit and uploading debug data.
For full log data, visit http://heaven.localhost/report_outputs/25
----------LOG BEGINS HERE----------
routine="Building Deployment Audit Report" from_timestamp="2020-03-02T22:56:04Z" to_timestamp="2020-03-03T22:55:04Z" ns=local_repository fn=fetch path=/Users/rufo/github/heaven/tmp/repositories/deployment_audit_report time="2020-03-03 22:56:04 UTC" command="git init --quiet" at=run
routine="Building Deployment Audit Report" from_timestamp="2020-03-02T22:56:04Z" to_timestamp="2020-03-03T22:55:04Z" ns=local_repository fn=fetch path=/Users/rufo/github/heaven/tmp/repositories/deployment_audit_report time="2020-03-03 22:56:04 UTC" command="git init --quiet" at=exit status=0
routine="Building Deployment Audit Report" from_timestamp="2020-03-02T22:56:04Z" to_timestamp="2020-03-03T22:55:04Z" ns=local_repository fn=fetch path=/Users/rufo/github/heaven/tmp/repositories/deployment_audit_report time="2020-03-03 22:56:04 UTC" command="git config --local gc.auto 0" at=run
routine="Building Deployment Audit Report" from_timestamp="2020-03-02T22:56:04Z" to_timestamp="2020-03-03T22:55:04Z" ns=local_repository fn=fetch path=/Users/rufo/github/heaven/tmp/repositories/deployment_audit_report time="2020-03-03 22:56:04 UTC" command="git config --local gc.auto 0" at=exit status=0
routine="Building Deployment Audit Report" from_timestamp="2020-03-02T22:56:04Z" to_timestamp="2020-03-03T22:55:04Z" ns=local_repository fn=fetch path=/Users/rufo/github/heaven/tmp/repositories/deployment_audit_report time="2020-03-03 22:56:04 UTC" command="git config --local gc.autopacklimit 0" at=run
routine="Building Deployment Audit Report" from_timestamp="2020-03-02T22:56:04Z" to_timestamp="2020-03-03T22:55:04Z" ns=local_repository fn=fetch path=/Users/rufo/github/heaven/tmp/repositories/deployment_audit_report time="2020-03-03 22:56:04 UTC" command="git config --local gc.autopacklimit 0" at=exit status=0
routine="Building Deployment Audit Report" from_timestamp="2020-03-02T22:56:04Z" to_timestamp="2020-03-03T22:55:04Z" ns=local_repository fn=fetch path=/Users/rufo/github/heaven/tmp/repositories/deployment_audit_report time="2020-03-03 22:56:04 UTC" command="git fetch --prune https://github.com/gwincr11/test-report \\+refs/heads/master:refs/remotes/origin/master" at=run
routine="Building Deployment Audit Report" from_timestamp="2020-03-02T22:56:04Z" to_timestamp="2020-03-03T22:55:04Z" ns=local_repository fn=fetch path=/Users/rufo/github/heaven/tmp/repositories/deployment_audit_report time="2020-03-03 22:56:04 UTC" command="git fetch --prune https://github.com/gwincr11/test-report \\+refs/heads/master:refs/remotes/origin/master" at=exit status=0
routine="Building Deployment Audit Report" from_timestamp="2020-03-02T22:56:04Z" to_timestamp="2020-03-03T22:55:04Z" ns=local_repository fn=checkout path=/Users/rufo/github/heaven/tmp/repositories/deployment_audit_report time="2020-03-03 22:56:04 UTC" command="git --work-tree /Users/rufo/github/heaven/tmp/repositories/deployment_audit_report/audit checkout --force origin/master" at=run
routine="Building Deployment Audit Report" from_timestamp="2020-03-02T22:56:04Z" to_timestamp="2020-03-03T22:55:04Z" ns=local_repository fn=checkout path=/Users/rufo/github/heaven/tmp/repositories/deployment_audit_report time="2020-03-03 22:56:04 UTC" command="git --work-tree /Users/rufo/github/heaven/tmp/repositories/deployment_audit_report/audit checkout --force origin/master" at=exit status=0
routine="Building Deployment Audit Report" from_timestamp="2020-03-02T22:56:04Z" to_timestamp="2020-03-03T22:55:04Z" ns=local_repository fn=checkout path=/Users/rufo/github/heaven/tmp/repositories/deployment_audit_report time="2020-03-03 22:56:04 UTC" command="git --work-tree /Users/rufo/github/heaven/tmp/repositories/deployment_audit_report/audit checkout --force origin/master" at=output out="Warning: you are leaving 1 commit behind, not connected to
any of your branches:

  e74a957 'add audit file'

If you want to keep it by creating a new branch, this may be a good time
to do so with:

 git branch <new-branch-name> e74a957

HEAD is now at 153d53b Initial commit
"
